# JRE version: OpenJDK Runtime Environment (8.0_242) (build 1.8.0_242-release-1644-b3-6222593)
# Java VM: OpenJDK 64-Bit Server VM (25.242-b3-6222593 mixed mode linux-amd64 compressed oops)
Heap:
 PSYoungGen      total 179712K, used 12268K [0x00000000d5580000, 0x00000000e1100000, 0x0000000100000000)
  eden space 167424K, 0% used [0x00000000d5580000,0x00000000d5580000,0x00000000df900000)
  from space 12288K, 99% used [0x00000000df900000,0x00000000e04fb198,0x00000000e0500000)
  to   space 11776K, 0% used [0x00000000e0500000,0x00000000e0500000,0x00000000e1080000)
 ParOldGen       total 49664K, used 15180K [0x0000000080000000, 0x0000000083080000, 0x00000000d5580000)
  object space 49664K, 30% used [0x0000000080000000,0x0000000080ed3310,0x0000000083080000)
 Metaspace       used 43844K, capacity 45576K, committed 45736K, reserved 1089536K
  class space    used 5943K, capacity 6277K, committed 6320K, reserved 1048576K
GC Heap History (10 events):
Event: 3,802 GC heap after
Heap after GC invocations=8 (full 0):
 PSYoungGen      total 129024K, used 3868K [0x00000000d5580000, 0x00000000ddc80000, 0x0000000100000000)
  eden space 120832K, 0% used [0x00000000d5580000,0x00000000d5580000,0x00000000dcb80000)
  from space 8192K, 47% used [0x00000000dd480000,0x00000000dd8473f8,0x00000000ddc80000)
  to   space 8704K, 0% used [0x00000000dcb80000,0x00000000dcb80000,0x00000000dd400000)
 ParOldGen       total 40960K, used 8437K [0x0000000080000000, 0x0000000082800000, 0x00000000d5580000)
  object space 40960K, 20% used [0x0000000080000000,0x000000008083d430,0x0000000082800000)
 Metaspace       used 20589K, capacity 21216K, committed 21296K, reserved 1067008K
  class space    used 2884K, capacity 3074K, committed 3120K, reserved 1048576K
}
Event: 3,802 GC heap before
{Heap before GC invocations=9 (full 1):
 PSYoungGen      total 129024K, used 3868K [0x00000000d5580000, 0x00000000ddc80000, 0x0000000100000000)
  eden space 120832K, 0% used [0x00000000d5580000,0x00000000d5580000,0x00000000dcb80000)
  from space 8192K, 47% used [0x00000000dd480000,0x00000000dd8473f8,0x00000000ddc80000)
  to   space 8704K, 0% used [0x00000000dcb80000,0x00000000dcb80000,0x00000000dd400000)
 ParOldGen       total 40960K, used 8437K [0x0000000080000000, 0x0000000082800000, 0x00000000d5580000)
  object space 40960K, 20% used [0x0000000080000000,0x000000008083d430,0x0000000082800000)
 Metaspace       used 20589K, capacity 21216K, committed 21296K, reserved 1067008K
  class space    used 2884K, capacity 3074K, committed 3120K, reserved 1048576K
Event: 3,869 GC heap after
Heap after GC invocations=9 (full 1):
 PSYoungGen      total 129024K, used 0K [0x00000000d5580000, 0x00000000ddc80000, 0x0000000100000000)
  eden space 120832K, 0% used [0x00000000d5580000,0x00000000d5580000,0x00000000dcb80000)
  from space 8192K, 0% used [0x00000000dd480000,0x00000000dd480000,0x00000000ddc80000)
  to   space 8704K, 0% used [0x00000000dcb80000,0x00000000dcb80000,0x00000000dd400000)
 ParOldGen       total 30720K, used 6903K [0x0000000080000000, 0x0000000081e00000, 0x00000000d5580000)
  object space 30720K, 22% used [0x0000000080000000,0x00000000806bdc08,0x0000000081e00000)
 Metaspace       used 20589K, capacity 21216K, committed 21296K, reserved 1067008K
  class space    used 2884K, capacity 3074K, committed 3120K, reserved 1048576K
}
Event: 5,610 GC heap before
{Heap before GC invocations=10 (full 1):
 PSYoungGen      total 129024K, used 120832K [0x00000000d5580000, 0x00000000ddc80000, 0x0000000100000000)
  eden space 120832K, 100% used [0x00000000d5580000,0x00000000dcb80000,0x00000000dcb80000)
  from space 8192K, 0% used [0x00000000dd480000,0x00000000dd480000,0x00000000ddc80000)
  to   space 8704K, 0% used [0x00000000dcb80000,0x00000000dcb80000,0x00000000dd400000)
 ParOldGen       total 30720K, used 6903K [0x0000000080000000, 0x0000000081e00000, 0x00000000d5580000)
  object space 30720K, 22% used [0x0000000080000000,0x00000000806bdc08,0x0000000081e00000)
 Metaspace       used 32380K, capacity 33352K, committed 33456K, reserved 1077248K
  class space    used 4403K, capacity 4686K, committed 4784K, reserved 1048576K
Event: 5,640 GC heap after
Heap after GC invocations=10 (full 1):
 PSYoungGen      total 129536K, used 8684K [0x00000000d5580000, 0x00000000e1080000, 0x0000000100000000)
  eden space 120832K, 0% used [0x00000000d5580000,0x00000000d5580000,0x00000000dcb80000)
  from space 8704K, 99% used [0x00000000dcb80000,0x00000000dd3fb358,0x00000000dd400000)
  to   space 11776K, 0% used [0x00000000e0500000,0x00000000e0500000,0x00000000e1080000)
 ParOldGen       total 30720K, used 11287K [0x0000000080000000, 0x0000000081e00000, 0x00000000d5580000)
  object space 30720K, 36% used [0x0000000080000000,0x0000000080b05c18,0x0000000081e00000)
 Metaspace       used 32380K, capacity 33352K, committed 33456K, reserved 1077248K
  class space    used 4403K, capacity 4686K, committed 4784K, reserved 1048576K
}
Event: 6,147 GC heap before
{Heap before GC invocations=11 (full 1):
 PSYoungGen      total 129536K, used 54225K [0x00000000d5580000, 0x00000000e1080000, 0x0000000100000000)
  eden space 120832K, 37% used [0x00000000d5580000,0x00000000d81f92e0,0x00000000dcb80000)
  from space 8704K, 99% used [0x00000000dcb80000,0x00000000dd3fb358,0x00000000dd400000)
  to   space 11776K, 0% used [0x00000000e0500000,0x00000000e0500000,0x00000000e1080000)
 ParOldGen       total 30720K, used 11287K [0x0000000080000000, 0x0000000081e00000, 0x00000000d5580000)
  object space 30720K, 36% used [0x0000000080000000,0x0000000080b05c18,0x0000000081e00000)
 Metaspace       used 34288K, capacity 35386K, committed 35496K, reserved 1079296K
  class space    used 4707K, capacity 4972K, committed 5040K, reserved 1048576K
Event: 6,161 GC heap after
Heap after GC invocations=11 (full 1):
 PSYoungGen      total 179200K, used 8513K [0x00000000d5580000, 0x00000000e1100000, 0x0000000100000000)
  eden space 167424K, 0% used [0x00000000d5580000,0x00000000d5580000,0x00000000df900000)
  from space 11776K, 72% used [0x00000000e0500000,0x00000000e0d50628,0x00000000e1080000)
  to   space 12288K, 0% used [0x00000000df900000,0x00000000df900000,0x00000000e0500000)
 ParOldGen       total 30720K, used 11295K [0x0000000080000000, 0x0000000081e00000, 0x00000000d5580000)
  object space 30720K, 36% used [0x0000000080000000,0x0000000080b07c18,0x0000000081e00000)
 Metaspace       used 34288K, capacity 35386K, committed 35496K, reserved 1079296K
  class space    used 4707K, capacity 4972K, committed 5040K, reserved 1048576K
}
Event: 6,161 GC heap before
{Heap before GC invocations=12 (full 2):
 PSYoungGen      total 179200K, used 8513K [0x00000000d5580000, 0x00000000e1100000, 0x0000000100000000)
  eden space 167424K, 0% used [0x00000000d5580000,0x00000000d5580000,0x00000000df900000)
  from space 11776K, 72% used [0x00000000e0500000,0x00000000e0d50628,0x00000000e1080000)
  to   space 12288K, 0% used [0x00000000df900000,0x00000000df900000,0x00000000e0500000)
 ParOldGen       total 30720K, used 11295K [0x0000000080000000, 0x0000000081e00000, 0x00000000d5580000)
  object space 30720K, 36% used [0x0000000080000000,0x0000000080b07c18,0x0000000081e00000)
 Metaspace       used 34288K, capacity 35386K, committed 35496K, reserved 1079296K
  class space    used 4707K, capacity 4972K, committed 5040K, reserved 1048576K
Event: 6,260 GC heap after
Heap after GC invocations=12 (full 2):
 PSYoungGen      total 179200K, used 0K [0x00000000d5580000, 0x00000000e1100000, 0x0000000100000000)
  eden space 167424K, 0% used [0x00000000d5580000,0x00000000d5580000,0x00000000df900000)
  from space 11776K, 0% used [0x00000000e0500000,0x00000000e0500000,0x00000000e1080000)
  to   space 12288K, 0% used [0x00000000df900000,0x00000000df900000,0x00000000e0500000)
 ParOldGen       total 49664K, used 14800K [0x0000000080000000, 0x0000000083080000, 0x00000000d5580000)
  object space 49664K, 29% used [0x0000000080000000,0x0000000080e74218,0x0000000083080000)
 Metaspace       used 34288K, capacity 35386K, committed 35496K, reserved 1079296K
  class space    used 4707K, capacity 4972K, committed 5040K, reserved 1048576K
}
Event: 8,564 GC heap before
{Heap before GC invocations=13 (full 2):
 PSYoungGen      total 179200K, used 167424K [0x00000000d5580000, 0x00000000e1100000, 0x0000000100000000)
  eden space 167424K, 100% used [0x00000000d5580000,0x00000000df900000,0x00000000df900000)
  from space 11776K, 0% used [0x00000000e0500000,0x00000000e0500000,0x00000000e1080000)
  to   space 12288K, 0% used [0x00000000df900000,0x00000000df900000,0x00000000e0500000)
 ParOldGen       total 49664K, used 14800K [0x0000000080000000, 0x0000000083080000, 0x00000000d5580000)
  object space 49664K, 29% used [0x0000000080000000,0x0000000080e74218,0x0000000083080000)
 Metaspace       used 43844K, capacity 45576K, committed 45736K, reserved 1089536K
  class space    used 5943K, capacity 6277K, committed 6320K, reserved 1048576K

