# JRE version: OpenJDK Runtime Environment (8.0_242) (build 1.8.0_242-release-1644-b3-6222593)
# Java VM: OpenJDK 64-Bit Server VM (25.242-b3-6222593 mixed mode linux-amd64 compressed oops)
Heap:
 PSYoungGen      total 212992K, used 12793K [0x00000000d5580000, 0x00000000e3200000, 0x0000000100000000)
  eden space 200192K, 0% used [0x00000000d5580000,0x00000000d5580000,0x00000000e1900000)
  from space 12800K, 99% used [0x00000000e1900000,0x00000000e257e558,0x00000000e2580000)
  to   space 11776K, 0% used [0x00000000e2680000,0x00000000e2680000,0x00000000e3200000)
 ParOldGen       total 52736K, used 19029K [0x0000000080000000, 0x0000000083380000, 0x00000000d5580000)
  object space 52736K, 36% used [0x0000000080000000,0x00000000812954a0,0x0000000083380000)
 Metaspace       used 46625K, capacity 48716K, committed 49024K, reserved 1091584K
  class space    used 6304K, capacity 6728K, committed 6784K, reserved 1048576K
GC Heap History (10 events):
Event: 2,982 GC heap after
Heap after GC invocations=6 (full 0):
 PSYoungGen      total 132608K, used 6457K [0x00000000d5580000, 0x00000000de080000, 0x0000000100000000)
  eden space 122880K, 0% used [0x00000000d5580000,0x00000000d5580000,0x00000000dcd80000)
  from space 9728K, 66% used [0x00000000dd700000,0x00000000ddd4e698,0x00000000de080000)
  to   space 9728K, 0% used [0x00000000dcd80000,0x00000000dcd80000,0x00000000dd700000)
 ParOldGen       total 40960K, used 11746K [0x0000000080000000, 0x0000000082800000, 0x00000000d5580000)
  object space 40960K, 28% used [0x0000000080000000,0x0000000080b788a8,0x0000000082800000)
 Metaspace       used 20529K, capacity 21270K, committed 21296K, reserved 1067008K
  class space    used 2876K, capacity 3061K, committed 3072K, reserved 1048576K
}
Event: 2,982 GC heap before
{Heap before GC invocations=7 (full 1):
 PSYoungGen      total 132608K, used 6457K [0x00000000d5580000, 0x00000000de080000, 0x0000000100000000)
  eden space 122880K, 0% used [0x00000000d5580000,0x00000000d5580000,0x00000000dcd80000)
  from space 9728K, 66% used [0x00000000dd700000,0x00000000ddd4e698,0x00000000de080000)
  to   space 9728K, 0% used [0x00000000dcd80000,0x00000000dcd80000,0x00000000dd700000)
 ParOldGen       total 40960K, used 11746K [0x0000000080000000, 0x0000000082800000, 0x00000000d5580000)
  object space 40960K, 28% used [0x0000000080000000,0x0000000080b788a8,0x0000000082800000)
 Metaspace       used 20529K, capacity 21270K, committed 21296K, reserved 1067008K
  class space    used 2876K, capacity 3061K, committed 3072K, reserved 1048576K
Event: 3,024 GC heap after
Heap after GC invocations=7 (full 1):
 PSYoungGen      total 132608K, used 0K [0x00000000d5580000, 0x00000000de080000, 0x0000000100000000)
  eden space 122880K, 0% used [0x00000000d5580000,0x00000000d5580000,0x00000000dcd80000)
  from space 9728K, 0% used [0x00000000dd700000,0x00000000dd700000,0x00000000de080000)
  to   space 9728K, 0% used [0x00000000dcd80000,0x00000000dcd80000,0x00000000dd700000)
 ParOldGen       total 36864K, used 9327K [0x0000000080000000, 0x0000000082400000, 0x00000000d5580000)
  object space 36864K, 25% used [0x0000000080000000,0x000000008091bf78,0x0000000082400000)
 Metaspace       used 20529K, capacity 21270K, committed 21296K, reserved 1067008K
  class space    used 2876K, capacity 3061K, committed 3072K, reserved 1048576K
}
Event: 4,617 GC heap before
{Heap before GC invocations=8 (full 1):
 PSYoungGen      total 132608K, used 122880K [0x00000000d5580000, 0x00000000de080000, 0x0000000100000000)
  eden space 122880K, 100% used [0x00000000d5580000,0x00000000dcd80000,0x00000000dcd80000)
  from space 9728K, 0% used [0x00000000dd700000,0x00000000dd700000,0x00000000de080000)
  to   space 9728K, 0% used [0x00000000dcd80000,0x00000000dcd80000,0x00000000dd700000)
 ParOldGen       total 36864K, used 9327K [0x0000000080000000, 0x0000000082400000, 0x00000000d5580000)
  object space 36864K, 25% used [0x0000000080000000,0x000000008091bf78,0x0000000082400000)
 Metaspace       used 32693K, capacity 33802K, committed 33920K, reserved 1079296K
  class space    used 4423K, capacity 4712K, committed 4736K, reserved 1048576K
Event: 4,645 GC heap after
Heap after GC invocations=8 (full 1):
 PSYoungGen      total 132608K, used 9705K [0x00000000d5580000, 0x00000000e3300000, 0x0000000100000000)
  eden space 122880K, 0% used [0x00000000d5580000,0x00000000d5580000,0x00000000dcd80000)
  from space 9728K, 99% used [0x00000000dcd80000,0x00000000dd6fa708,0x00000000dd700000)
  to   space 12800K, 0% used [0x00000000e2680000,0x00000000e2680000,0x00000000e3300000)
 ParOldGen       total 36864K, used 11997K [0x0000000080000000, 0x0000000082400000, 0x00000000d5580000)
  object space 36864K, 32% used [0x0000000080000000,0x0000000080bb7690,0x0000000082400000)
 Metaspace       used 32693K, capacity 33802K, committed 33920K, reserved 1079296K
  class space    used 4423K, capacity 4712K, committed 4736K, reserved 1048576K
}
Event: 5,045 GC heap before
{Heap before GC invocations=9 (full 1):
 PSYoungGen      total 132608K, used 46633K [0x00000000d5580000, 0x00000000e3300000, 0x0000000100000000)
  eden space 122880K, 30% used [0x00000000d5580000,0x00000000d798fd90,0x00000000dcd80000)
  from space 9728K, 99% used [0x00000000dcd80000,0x00000000dd6fa708,0x00000000dd700000)
  to   space 12800K, 0% used [0x00000000e2680000,0x00000000e2680000,0x00000000e3300000)
 ParOldGen       total 36864K, used 11997K [0x0000000080000000, 0x0000000082400000, 0x00000000d5580000)
  object space 36864K, 32% used [0x0000000080000000,0x0000000080bb7690,0x0000000082400000)
 Metaspace       used 34102K, capacity 35370K, committed 35456K, reserved 1079296K
  class space    used 4610K, capacity 4945K, committed 4992K, reserved 1048576K
Event: 5,054 GC heap after
Heap after GC invocations=9 (full 1):
 PSYoungGen      total 211968K, used 7746K [0x00000000d5580000, 0x00000000e3200000, 0x0000000100000000)
  eden space 200192K, 0% used [0x00000000d5580000,0x00000000d5580000,0x00000000e1900000)
  from space 11776K, 65% used [0x00000000e2680000,0x00000000e2e108e8,0x00000000e3200000)
  to   space 12800K, 0% used [0x00000000e1900000,0x00000000e1900000,0x00000000e2580000)
 ParOldGen       total 36864K, used 12005K [0x0000000080000000, 0x0000000082400000, 0x00000000d5580000)
  object space 36864K, 32% used [0x0000000080000000,0x0000000080bb9690,0x0000000082400000)
 Metaspace       used 34102K, capacity 35370K, committed 35456K, reserved 1079296K
  class space    used 4610K, capacity 4945K, committed 4992K, reserved 1048576K
}
Event: 5,054 GC heap before
{Heap before GC invocations=10 (full 2):
 PSYoungGen      total 211968K, used 7746K [0x00000000d5580000, 0x00000000e3200000, 0x0000000100000000)
  eden space 200192K, 0% used [0x00000000d5580000,0x00000000d5580000,0x00000000e1900000)
  from space 11776K, 65% used [0x00000000e2680000,0x00000000e2e108e8,0x00000000e3200000)
  to   space 12800K, 0% used [0x00000000e1900000,0x00000000e1900000,0x00000000e2580000)
 ParOldGen       total 36864K, used 12005K [0x0000000080000000, 0x0000000082400000, 0x00000000d5580000)
  object space 36864K, 32% used [0x0000000080000000,0x0000000080bb9690,0x0000000082400000)
 Metaspace       used 34102K, capacity 35370K, committed 35456K, reserved 1079296K
  class space    used 4610K, capacity 4945K, committed 4992K, reserved 1048576K
Event: 5,121 GC heap after
Heap after GC invocations=10 (full 2):
 PSYoungGen      total 211968K, used 0K [0x00000000d5580000, 0x00000000e3200000, 0x0000000100000000)
  eden space 200192K, 0% used [0x00000000d5580000,0x00000000d5580000,0x00000000e1900000)
  from space 11776K, 0% used [0x00000000e2680000,0x00000000e2680000,0x00000000e3200000)
  to   space 12800K, 0% used [0x00000000e1900000,0x00000000e1900000,0x00000000e2580000)
 ParOldGen       total 52736K, used 14485K [0x0000000080000000, 0x0000000083380000, 0x00000000d5580000)
  object space 52736K, 27% used [0x0000000080000000,0x0000000080e256c8,0x0000000083380000)
 Metaspace       used 34102K, capacity 35370K, committed 35456K, reserved 1079296K
  class space    used 4610K, capacity 4945K, committed 4992K, reserved 1048576K
}
Event: 8,191 GC heap before
{Heap before GC invocations=11 (full 2):
 PSYoungGen      total 211968K, used 200192K [0x00000000d5580000, 0x00000000e3200000, 0x0000000100000000)
  eden space 200192K, 100% used [0x00000000d5580000,0x00000000e1900000,0x00000000e1900000)
  from space 11776K, 0% used [0x00000000e2680000,0x00000000e2680000,0x00000000e3200000)
  to   space 12800K, 0% used [0x00000000e1900000,0x00000000e1900000,0x00000000e2580000)
 ParOldGen       total 52736K, used 14485K [0x0000000080000000, 0x0000000083380000, 0x00000000d5580000)
  object space 52736K, 27% used [0x0000000080000000,0x0000000080e256c8,0x0000000083380000)
 Metaspace       used 46625K, capacity 48716K, committed 49024K, reserved 1091584K
  class space    used 6304K, capacity 6728K, committed 6784K, reserved 1048576K

