# JRE version: OpenJDK Runtime Environment (8.0_242) (build 1.8.0_242-release-1644-b3-6222593)
# Java VM: OpenJDK 64-Bit Server VM (25.242-b3-6222593 mixed mode linux-amd64 compressed oops)
Heap:
 PSYoungGen      total 129536K, used 8700K [0x00000000d5580000, 0x00000000ddc80000, 0x0000000100000000)
  eden space 120832K, 0% used [0x00000000d5580000,0x00000000d5580000,0x00000000dcb80000)
  from space 8704K, 99% used [0x00000000dcb80000,0x00000000dd3ff348,0x00000000dd400000)
  to   space 8192K, 0% used [0x00000000dd480000,0x00000000dd480000,0x00000000ddc80000)
 ParOldGen       total 29696K, used 11249K [0x0000000080000000, 0x0000000081d00000, 0x00000000d5580000)
  object space 29696K, 37% used [0x0000000080000000,0x0000000080afc410,0x0000000081d00000)
 Metaspace       used 32394K, capacity 33404K, committed 33712K, reserved 1079296K
  class space    used 4414K, capacity 4686K, committed 4784K, reserved 1048576K
GC Heap History (10 events):
Event: 2,053 GC heap after
Heap after GC invocations=5 (full 0):
 PSYoungGen      total 33280K, used 2528K [0x00000000d5580000, 0x00000000d9d80000, 0x0000000100000000)
  eden space 30720K, 0% used [0x00000000d5580000,0x00000000d5580000,0x00000000d7380000)
  from space 2560K, 98% used [0x00000000d7380000,0x00000000d75f8020,0x00000000d7600000)
  to   space 6144K, 0% used [0x00000000d9780000,0x00000000d9780000,0x00000000d9d80000)
 ParOldGen       total 40960K, used 5743K [0x0000000080000000, 0x0000000082800000, 0x00000000d5580000)
  object space 40960K, 14% used [0x0000000080000000,0x000000008059bdd0,0x0000000082800000)
 Metaspace       used 12355K, capacity 12774K, committed 12928K, reserved 1060864K
  class space    used 1680K, capacity 1815K, committed 1920K, reserved 1048576K
}
Event: 2,762 GC heap before
{Heap before GC invocations=6 (full 0):
 PSYoungGen      total 33280K, used 33248K [0x00000000d5580000, 0x00000000d9d80000, 0x0000000100000000)
  eden space 30720K, 100% used [0x00000000d5580000,0x00000000d7380000,0x00000000d7380000)
  from space 2560K, 98% used [0x00000000d7380000,0x00000000d75f8020,0x00000000d7600000)
  to   space 6144K, 0% used [0x00000000d9780000,0x00000000d9780000,0x00000000d9d80000)
 ParOldGen       total 40960K, used 5743K [0x0000000080000000, 0x0000000082800000, 0x00000000d5580000)
  object space 40960K, 14% used [0x0000000080000000,0x000000008059bdd0,0x0000000082800000)
 Metaspace       used 15811K, capacity 16384K, committed 16640K, reserved 1062912K
  class space    used 2091K, capacity 2268K, committed 2304K, reserved 1048576K
Event: 2,771 GC heap after
Heap after GC invocations=6 (full 0):
 PSYoungGen      total 66560K, used 5830K [0x00000000d5580000, 0x00000000d9f80000, 0x0000000100000000)
  eden space 60416K, 0% used [0x00000000d5580000,0x00000000d5580000,0x00000000d9080000)
  from space 6144K, 94% used [0x00000000d9780000,0x00000000d9d31920,0x00000000d9d80000)
  to   space 7168K, 0% used [0x00000000d9080000,0x00000000d9080000,0x00000000d9780000)
 ParOldGen       total 40960K, used 5751K [0x0000000080000000, 0x0000000082800000, 0x00000000d5580000)
  object space 40960K, 14% used [0x0000000080000000,0x000000008059ddd0,0x0000000082800000)
 Metaspace       used 15811K, capacity 16384K, committed 16640K, reserved 1062912K
  class space    used 2091K, capacity 2268K, committed 2304K, reserved 1048576K
}
Event: 3,833 GC heap before
{Heap before GC invocations=7 (full 0):
 PSYoungGen      total 66560K, used 66246K [0x00000000d5580000, 0x00000000d9f80000, 0x0000000100000000)
  eden space 60416K, 100% used [0x00000000d5580000,0x00000000d9080000,0x00000000d9080000)
  from space 6144K, 94% used [0x00000000d9780000,0x00000000d9d31920,0x00000000d9d80000)
  to   space 7168K, 0% used [0x00000000d9080000,0x00000000d9080000,0x00000000d9780000)
 ParOldGen       total 40960K, used 5751K [0x0000000080000000, 0x0000000082800000, 0x00000000d5580000)
  object space 40960K, 14% used [0x0000000080000000,0x000000008059ddd0,0x0000000082800000)
 Metaspace       used 20160K, capacity 20756K, committed 20992K, reserved 1067008K
  class space    used 2817K, capacity 3010K, committed 3072K, reserved 1048576K
Event: 3,853 GC heap after
Heap after GC invocations=7 (full 0):
 PSYoungGen      total 67584K, used 7166K [0x00000000d5580000, 0x00000000ddd80000, 0x0000000100000000)
  eden space 60416K, 0% used [0x00000000d5580000,0x00000000d5580000,0x00000000d9080000)
  from space 7168K, 99% used [0x00000000d9080000,0x00000000d977fb00,0x00000000d9780000)
  to   space 9216K, 0% used [0x00000000dd480000,0x00000000dd480000,0x00000000ddd80000)
 ParOldGen       total 40960K, used 7793K [0x0000000080000000, 0x0000000082800000, 0x00000000d5580000)
  object space 40960K, 19% used [0x0000000080000000,0x000000008079c5e0,0x0000000082800000)
 Metaspace       used 20160K, capacity 20756K, committed 20992K, reserved 1067008K
  class space    used 2817K, capacity 3010K, committed 3072K, reserved 1048576K
}
Event: 3,913 GC heap before
{Heap before GC invocations=8 (full 0):
 PSYoungGen      total 67584K, used 14128K [0x00000000d5580000, 0x00000000ddd80000, 0x0000000100000000)
  eden space 60416K, 11% used [0x00000000d5580000,0x00000000d5c4c5a0,0x00000000d9080000)
  from space 7168K, 99% used [0x00000000d9080000,0x00000000d977fb00,0x00000000d9780000)
  to   space 9216K, 0% used [0x00000000dd480000,0x00000000dd480000,0x00000000ddd80000)
 ParOldGen       total 40960K, used 7793K [0x0000000080000000, 0x0000000082800000, 0x00000000d5580000)
  object space 40960K, 19% used [0x0000000080000000,0x000000008079c5e0,0x0000000082800000)
 Metaspace       used 20582K, capacity 21204K, committed 21296K, reserved 1067008K
  class space    used 2884K, capacity 3074K, committed 3120K, reserved 1048576K
Event: 3,918 GC heap after
Heap after GC invocations=8 (full 0):
 PSYoungGen      total 129024K, used 3885K [0x00000000d5580000, 0x00000000ddc80000, 0x0000000100000000)
  eden space 120832K, 0% used [0x00000000d5580000,0x00000000d5580000,0x00000000dcb80000)
  from space 8192K, 47% used [0x00000000dd480000,0x00000000dd84b408,0x00000000ddc80000)
  to   space 8704K, 0% used [0x00000000dcb80000,0x00000000dcb80000,0x00000000dd400000)
 ParOldGen       total 40960K, used 8225K [0x0000000080000000, 0x0000000082800000, 0x00000000d5580000)
  object space 40960K, 20% used [0x0000000080000000,0x00000000808085e0,0x0000000082800000)
 Metaspace       used 20582K, capacity 21204K, committed 21296K, reserved 1067008K
  class space    used 2884K, capacity 3074K, committed 3120K, reserved 1048576K
}
Event: 3,918 GC heap before
{Heap before GC invocations=9 (full 1):
 PSYoungGen      total 129024K, used 3885K [0x00000000d5580000, 0x00000000ddc80000, 0x0000000100000000)
  eden space 120832K, 0% used [0x00000000d5580000,0x00000000d5580000,0x00000000dcb80000)
  from space 8192K, 47% used [0x00000000dd480000,0x00000000dd84b408,0x00000000ddc80000)
  to   space 8704K, 0% used [0x00000000dcb80000,0x00000000dcb80000,0x00000000dd400000)
 ParOldGen       total 40960K, used 8225K [0x0000000080000000, 0x0000000082800000, 0x00000000d5580000)
  object space 40960K, 20% used [0x0000000080000000,0x00000000808085e0,0x0000000082800000)
 Metaspace       used 20582K, capacity 21204K, committed 21296K, reserved 1067008K
  class space    used 2884K, capacity 3074K, committed 3120K, reserved 1048576K
Event: 3,960 GC heap after
Heap after GC invocations=9 (full 1):
 PSYoungGen      total 129024K, used 0K [0x00000000d5580000, 0x00000000ddc80000, 0x0000000100000000)
  eden space 120832K, 0% used [0x00000000d5580000,0x00000000d5580000,0x00000000dcb80000)
  from space 8192K, 0% used [0x00000000dd480000,0x00000000dd480000,0x00000000ddc80000)
  to   space 8704K, 0% used [0x00000000dcb80000,0x00000000dcb80000,0x00000000dd400000)
 ParOldGen       total 29696K, used 6905K [0x0000000080000000, 0x0000000081d00000, 0x00000000d5580000)
  object space 29696K, 23% used [0x0000000080000000,0x00000000806be760,0x0000000081d00000)
 Metaspace       used 20582K, capacity 21204K, committed 21296K, reserved 1067008K
  class space    used 2884K, capacity 3074K, committed 3120K, reserved 1048576K
}
Event: 6,010 GC heap before
{Heap before GC invocations=10 (full 1):
 PSYoungGen      total 129024K, used 120832K [0x00000000d5580000, 0x00000000ddc80000, 0x0000000100000000)
  eden space 120832K, 100% used [0x00000000d5580000,0x00000000dcb80000,0x00000000dcb80000)
  from space 8192K, 0% used [0x00000000dd480000,0x00000000dd480000,0x00000000ddc80000)
  to   space 8704K, 0% used [0x00000000dcb80000,0x00000000dcb80000,0x00000000dd400000)
 ParOldGen       total 29696K, used 6905K [0x0000000080000000, 0x0000000081d00000, 0x00000000d5580000)
  object space 29696K, 23% used [0x0000000080000000,0x00000000806be760,0x0000000081d00000)
 Metaspace       used 32394K, capacity 33404K, committed 33712K, reserved 1079296K
  class space    used 4414K, capacity 4686K, committed 4784K, reserved 1048576K

