# JRE version: OpenJDK Runtime Environment (8.0_242) (build 1.8.0_242-release-1644-b3-6222593)
# Java VM: OpenJDK 64-Bit Server VM (25.242-b3-6222593 mixed mode linux-amd64 compressed oops)
Heap:
 PSYoungGen      total 274944K, used 17910K [0x00000000d5580000, 0x00000000e7380000, 0x0000000100000000)
  eden space 257024K, 0% used [0x00000000d5580000,0x00000000d5580000,0x00000000e5080000)
  from space 17920K, 99% used [0x00000000e5080000,0x00000000e61fda38,0x00000000e6200000)
  to   space 14336K, 0% used [0x00000000e6580000,0x00000000e6580000,0x00000000e7380000)
 ParOldGen       total 70144K, used 33849K [0x0000000080000000, 0x0000000084480000, 0x00000000d5580000)
  object space 70144K, 48% used [0x0000000080000000,0x000000008210e7a0,0x0000000084480000)
 Metaspace       used 66052K, capacity 68868K, committed 69032K, reserved 1107968K
  class space    used 9000K, capacity 9599K, committed 9648K, reserved 1048576K
GC Heap History (10 events):
Event: 7,980 GC heap after
Heap after GC invocations=11 (full 1):
 PSYoungGen      total 192512K, used 9870K [0x00000000d5580000, 0x00000000e1f80000, 0x0000000100000000)
  eden space 181248K, 0% used [0x00000000d5580000,0x00000000d5580000,0x00000000e0680000)
  from space 11264K, 87% used [0x00000000e1480000,0x00000000e1e239b0,0x00000000e1f80000)
  to   space 12800K, 0% used [0x00000000e0680000,0x00000000e0680000,0x00000000e1300000)
 ParOldGen       total 28160K, used 10547K [0x0000000080000000, 0x0000000081b80000, 0x00000000d5580000)
  object space 28160K, 37% used [0x0000000080000000,0x0000000080a4ce48,0x0000000081b80000)
 Metaspace       used 34524K, capacity 35402K, committed 35496K, reserved 1079296K
  class space    used 4723K, capacity 4946K, committed 5040K, reserved 1048576K
}
Event: 7,980 GC heap before
{Heap before GC invocations=12 (full 2):
 PSYoungGen      total 192512K, used 9870K [0x00000000d5580000, 0x00000000e1f80000, 0x0000000100000000)
  eden space 181248K, 0% used [0x00000000d5580000,0x00000000d5580000,0x00000000e0680000)
  from space 11264K, 87% used [0x00000000e1480000,0x00000000e1e239b0,0x00000000e1f80000)
  to   space 12800K, 0% used [0x00000000e0680000,0x00000000e0680000,0x00000000e1300000)
 ParOldGen       total 28160K, used 10547K [0x0000000080000000, 0x0000000081b80000, 0x00000000d5580000)
  object space 28160K, 37% used [0x0000000080000000,0x0000000080a4ce48,0x0000000081b80000)
 Metaspace       used 34524K, capacity 35402K, committed 35496K, reserved 1079296K
  class space    used 4723K, capacity 4946K, committed 5040K, reserved 1048576K
Event: 8,047 GC heap after
Heap after GC invocations=12 (full 2):
 PSYoungGen      total 192512K, used 0K [0x00000000d5580000, 0x00000000e1f80000, 0x0000000100000000)
  eden space 181248K, 0% used [0x00000000d5580000,0x00000000d5580000,0x00000000e0680000)
  from space 11264K, 0% used [0x00000000e1480000,0x00000000e1480000,0x00000000e1f80000)
  to   space 12800K, 0% used [0x00000000e0680000,0x00000000e0680000,0x00000000e1300000)
 ParOldGen       total 42496K, used 16174K [0x0000000080000000, 0x0000000082980000, 0x00000000d5580000)
  object space 42496K, 38% used [0x0000000080000000,0x0000000080fcbb68,0x0000000082980000)
 Metaspace       used 34524K, capacity 35402K, committed 35496K, reserved 1079296K
  class space    used 4723K, capacity 4946K, committed 5040K, reserved 1048576K
}
Event: 11,415 GC heap before
{Heap before GC invocations=13 (full 2):
 PSYoungGen      total 192512K, used 181248K [0x00000000d5580000, 0x00000000e1f80000, 0x0000000100000000)
  eden space 181248K, 100% used [0x00000000d5580000,0x00000000e0680000,0x00000000e0680000)
  from space 11264K, 0% used [0x00000000e1480000,0x00000000e1480000,0x00000000e1f80000)
  to   space 12800K, 0% used [0x00000000e0680000,0x00000000e0680000,0x00000000e1300000)
 ParOldGen       total 42496K, used 16174K [0x0000000080000000, 0x0000000082980000, 0x00000000d5580000)
  object space 42496K, 38% used [0x0000000080000000,0x0000000080fcbb68,0x0000000082980000)
 Metaspace       used 50089K, capacity 51748K, committed 52008K, reserved 1093632K
  class space    used 6714K, capacity 7117K, committed 7216K, reserved 1048576K
Event: 11,476 GC heap after
Heap after GC invocations=13 (full 2):
 PSYoungGen      total 194048K, used 12777K [0x00000000d5580000, 0x00000000e7780000, 0x0000000100000000)
  eden space 181248K, 0% used [0x00000000d5580000,0x00000000d5580000,0x00000000e0680000)
  from space 12800K, 99% used [0x00000000e0680000,0x00000000e12fa7d8,0x00000000e1300000)
  to   space 18432K, 0% used [0x00000000e6580000,0x00000000e6580000,0x00000000e7780000)
 ParOldGen       total 42496K, used 25140K [0x0000000080000000, 0x0000000082980000, 0x00000000d5580000)
  object space 42496K, 59% used [0x0000000080000000,0x000000008188d170,0x0000000082980000)
 Metaspace       used 50089K, capacity 51748K, committed 52008K, reserved 1093632K
  class space    used 6714K, capacity 7117K, committed 7216K, reserved 1048576K
}
Event: 12,970 GC heap before
{Heap before GC invocations=14 (full 2):
 PSYoungGen      total 194048K, used 98611K [0x00000000d5580000, 0x00000000e7780000, 0x0000000100000000)
  eden space 181248K, 47% used [0x00000000d5580000,0x00000000da952500,0x00000000e0680000)
  from space 12800K, 99% used [0x00000000e0680000,0x00000000e12fa7d8,0x00000000e1300000)
  to   space 18432K, 0% used [0x00000000e6580000,0x00000000e6580000,0x00000000e7780000)
 ParOldGen       total 42496K, used 25140K [0x0000000080000000, 0x0000000082980000, 0x00000000d5580000)
  object space 42496K, 59% used [0x0000000080000000,0x000000008188d170,0x0000000082980000)
 Metaspace       used 57139K, capacity 59104K, committed 59160K, reserved 1099776K
  class space    used 7845K, capacity 8315K, committed 8368K, reserved 1048576K
Event: 13,003 GC heap after
Heap after GC invocations=14 (full 2):
 PSYoungGen      total 271360K, used 9171K [0x00000000d5580000, 0x00000000e7380000, 0x0000000100000000)
  eden space 257024K, 0% used [0x00000000d5580000,0x00000000d5580000,0x00000000e5080000)
  from space 14336K, 63% used [0x00000000e6580000,0x00000000e6e74eb8,0x00000000e7380000)
  to   space 17920K, 0% used [0x00000000e5080000,0x00000000e5080000,0x00000000e6200000)
 ParOldGen       total 42496K, used 36194K [0x0000000080000000, 0x0000000082980000, 0x00000000d5580000)
  object space 42496K, 85% used [0x0000000080000000,0x0000000082358908,0x0000000082980000)
 Metaspace       used 57139K, capacity 59104K, committed 59160K, reserved 1099776K
  class space    used 7845K, capacity 8315K, committed 8368K, reserved 1048576K
}
Event: 13,003 GC heap before
{Heap before GC invocations=15 (full 3):
 PSYoungGen      total 271360K, used 9171K [0x00000000d5580000, 0x00000000e7380000, 0x0000000100000000)
  eden space 257024K, 0% used [0x00000000d5580000,0x00000000d5580000,0x00000000e5080000)
  from space 14336K, 63% used [0x00000000e6580000,0x00000000e6e74eb8,0x00000000e7380000)
  to   space 17920K, 0% used [0x00000000e5080000,0x00000000e5080000,0x00000000e6200000)
 ParOldGen       total 42496K, used 36194K [0x0000000080000000, 0x0000000082980000, 0x00000000d5580000)
  object space 42496K, 85% used [0x0000000080000000,0x0000000082358908,0x0000000082980000)
 Metaspace       used 57139K, capacity 59104K, committed 59160K, reserved 1099776K
  class space    used 7845K, capacity 8315K, committed 8368K, reserved 1048576K
Event: 13,257 GC heap after
Heap after GC invocations=15 (full 3):
 PSYoungGen      total 271360K, used 0K [0x00000000d5580000, 0x00000000e7380000, 0x0000000100000000)
  eden space 257024K, 0% used [0x00000000d5580000,0x00000000d5580000,0x00000000e5080000)
  from space 14336K, 0% used [0x00000000e6580000,0x00000000e6580000,0x00000000e7380000)
  to   space 17920K, 0% used [0x00000000e5080000,0x00000000e5080000,0x00000000e6200000)
 ParOldGen       total 70144K, used 32714K [0x0000000080000000, 0x0000000084480000, 0x00000000d5580000)
  object space 70144K, 46% used [0x0000000080000000,0x0000000081ff29d0,0x0000000084480000)
 Metaspace       used 57132K, capacity 59080K, committed 59160K, reserved 1099776K
  class space    used 7843K, capacity 8311K, committed 8368K, reserved 1048576K
}
Event: 17,158 GC heap before
{Heap before GC invocations=16 (full 3):
 PSYoungGen      total 271360K, used 257024K [0x00000000d5580000, 0x00000000e7380000, 0x0000000100000000)
  eden space 257024K, 100% used [0x00000000d5580000,0x00000000e5080000,0x00000000e5080000)
  from space 14336K, 0% used [0x00000000e6580000,0x00000000e6580000,0x00000000e7380000)
  to   space 17920K, 0% used [0x00000000e5080000,0x00000000e5080000,0x00000000e6200000)
 ParOldGen       total 70144K, used 32714K [0x0000000080000000, 0x0000000084480000, 0x00000000d5580000)
  object space 70144K, 46% used [0x0000000080000000,0x0000000081ff29d0,0x0000000084480000)
 Metaspace       used 66052K, capacity 68868K, committed 69032K, reserved 1107968K
  class space    used 9000K, capacity 9599K, committed 9648K, reserved 1048576K

